15:27:37.929 [main                     ] DEBUG Logger               - Configured Logger
15:27:37.957 [main                     ] DEBUG GameApplication      - Logging settings
Title: Videogioco
Version: 0.1
Width: 1600
Height: 700
Fullscreen: false
Intro: false
Profiling: false
Single step:false
App Mode: DEVELOPER
Menu Key: ESCAPE
Stage Style: DECORATED
Scene Factory: class com.almasb.fxgl.app.scene.SceneFactory

15:27:38.268 [JavaFX Application Thread] DEBUG FXGLApplication      - Initializing FXGL
15:27:38.273 [JavaFX Application Thread] INFO  Engine               - FXGL-17.3 (30.03.2023 11.49) on WINDOWS (J:21.0.1 FX:21)
15:27:38.274 [JavaFX Application Thread] DEBUG Engine               - JRE Vendor Name: Oracle Corporation
15:27:38.274 [JavaFX Application Thread] DEBUG Engine               - Running on OS: Windows 10 version 10.0
15:27:38.274 [JavaFX Application Thread] DEBUG Engine               - Architecture: amd64
15:27:38.274 [JavaFX Application Thread] INFO  Engine               - Source code and latest versions at: https://github.com/AlmasB/FXGL
15:27:38.274 [JavaFX Application Thread] INFO  Engine               -       Ask questions and discuss at: https://github.com/AlmasB/FXGL/discussions
15:27:38.274 [JavaFX Application Thread] INFO  Engine               -              Join the FXGL chat at: https://gitter.im/AlmasB/FXGL
15:27:38.381 [JavaFX Application Thread] DEBUG PrimaryStageWindow   - Creating a JavaFX scene
15:27:38.381 [JavaFX Application Thread] DEBUG PrimaryStageWindow   - Target size > screen size
15:27:38.432 [JavaFX Application Thread] DEBUG PrimaryStageWindow   - Target settings size: 1600.0 x 700.0
15:27:38.432 [JavaFX Application Thread] DEBUG PrimaryStageWindow   - Scaled scene size:    1341.0 x 597.0
15:27:38.432 [JavaFX Application Thread] DEBUG PrimaryStageWindow   - Scaled ratio: (0.838125, 0.8528571428571429)
15:27:38.433 [JavaFX Application Thread] DEBUG PrimaryStageWindow   - Set initial scene to FXGLStartupScene
15:27:38.437 [JavaFX Application Thread] DEBUG PrimaryStageWindow   - Opening main window
15:27:38.522 [JavaFX Application Thread] DEBUG PrimaryStageWindow   - Window border size: (16.0, 39.0)
15:27:38.522 [JavaFX Application Thread] DEBUG PrimaryStageWindow   - Scaled size: 1341.0 x 597.0
15:27:38.523 [JavaFX Application Thread] DEBUG PrimaryStageWindow   - Scaled ratio: (0.838125, 0.8528571428571429)
15:27:38.523 [JavaFX Application Thread] DEBUG PrimaryStageWindow   - Scene size: 1341.0 x 597.0
15:27:38.523 [JavaFX Application Thread] DEBUG PrimaryStageWindow   - Stage size: 1357.0 x 636.0
15:27:38.533 [FXGL Background Thread 1 ] DEBUG Engine               - Initializing environment variables
15:27:38.606 [FXGL Background Thread 1 ] DEBUG FXGLAssetLoaderServi - User app class for loading assets: class com.example.java_sandi_javafx_videogioco.HelloApplication
15:27:38.606 [FXGL Background Thread 1 ] DEBUG GameApplicationServi - Applying CSS: fxgl_dark.css
15:27:38.607 [FXGL Background Thread 1 ] DEBUG FXGLAssetLoaderServi - Loading from file system: jar:file:///C:/Users/ssppo/.m2/repository/com/github/almasb/fxgl/17.3/fxgl-17.3.jar!/fxglassets/ui/css/fxgl_dark.css
15:27:38.659 [FXGL Background Thread 1 ] DEBUG GameApplicationServi - Initializing application scenes
15:27:38.753 [FXGL Background Thread 1 ] DEBUG GameWorld            - Game world initialized
15:27:38.824 [FXGL Background Thread 1 ] DEBUG PhysicsWorld         - Physics world initialized: appHeight=700, physics.ppm=50,0
15:27:38.825 [FXGL Background Thread 1 ] DEBUG PhysicsWorld         - Using strategy: BRUTE_FORCE
15:27:38.828 [FXGL Background Thread 1 ] DEBUG GameScene            - Game scene initialized: 1600x700
15:27:38.841 [FXGL Background Thread 1 ] DEBUG FXGL.DefaultMenu     - createMenuBodyGameMenu()
15:27:38.856 [FXGL Background Thread 1 ] DEBUG FXGL.DefaultMenu     - createOptionsMenu()
15:27:38.866 [FXGL Background Thread 1 ] DEBUG FXGLAssetLoaderServi - Loading from file system: jar:file:///C:/Users/ssppo/.m2/repository/com/github/almasb/fxgl/17.3/fxgl-17.3.jar!/fxglassets/textures/particles/smoke.png
15:27:38.982 [FXGL Background Thread 1 ] DEBUG FXGLAssetLoaderServi - Loading from file system: jar:file:///C:/Users/ssppo/.m2/repository/com/github/almasb/fxgl/17.3/fxgl-17.3.jar!/fxglassets/textures/particles/trace_horizontal.png
15:27:39.018 [FXGL Background Thread 1 ] DEBUG GameApplicationServi - Application scenes initialized
15:27:39.035 [FXGL Background Thread 1 ] DEBUG SystemBundleService  - Loading FXGL system data
15:27:39.041 [FXGL Background Thread 1 ] DEBUG FileSystemAccess     - Reading from: C:\Users\ssppo\IdeaProjects\java_sandi_javafx_videogioco\system\fxgl.bundle
15:27:39.053 [FXGL Background Thread 1 ] DEBUG SystemBundleService  - Bundle FXGL: {}
15:27:39.053 [FXGL Background Thread 1 ] DEBUG UpdaterService       - Checking for updates
15:27:39.058 [FXGL Background Thread 1 ] DEBUG FXGLApplication      - Loading default localization
15:27:39.059 [FXGL Background Thread 1 ] DEBUG FXGLAssetLoaderServi - Loading from file system: jar:file:///C:/Users/ssppo/.m2/repository/com/github/almasb/fxgl/17.3/fxgl-17.3.jar!/fxglassets/languages/english.lang
15:27:39.069 [FXGL Background Thread 4 ] DEBUG FXGLApplication      - Loading fonts
15:27:39.069 [FXGL Background Thread 4 ] DEBUG FXGLAssetLoaderServi - Loading from file system: jar:file:///C:/Users/ssppo/.m2/repository/com/github/almasb/fxgl/17.3/fxgl-17.3.jar!/fxglassets/ui/fonts/VarelaRound-Regular.ttf
15:27:39.085 [FXGL Background Thread 1 ] INFO  FXGLApplication      - FXGL initialization took: 0,553 sec
15:27:39.096 [JavaFX Application Thread] DEBUG Input                - Registered new binding: action0 - Up
15:27:39.097 [JavaFX Application Thread] DEBUG Input                - Registered new binding: action1 - Down
15:27:39.102 [JavaFX Application Thread] DEBUG Input                - Registered new binding: action2 - Left
15:27:39.102 [JavaFX Application Thread] DEBUG Input                - Registered new binding: action3 - Right
15:27:39.103 [JavaFX Application Thread] DEBUG FXGLAssetLoaderServi - Loading from file system: jar:file:///C:/Users/ssppo/.m2/repository/com/github/almasb/fxgl/17.3/fxgl-17.3.jar!/fxglassets/textures/fxgl_icon.png
15:27:39.130 [JavaFX Application Thread] DEBUG FXGLAssetLoaderServi - Loading from file system: jar:file:///C:/Users/ssppo/.m2/repository/com/github/almasb/fxgl/17.3/fxgl-17.3.jar!/fxglassets/textures/fxgl_default_cursor.png
15:27:39.132 [JavaFX Application Thread] DEBUG Input                - Registered new binding: Screenshot - CTRL+8
15:27:39.132 [JavaFX Application Thread] DEBUG Input                - Registered new binding: System info dump - CTRL+9
15:27:39.132 [JavaFX Application Thread] DEBUG Input                - Registered new binding: Restart - CTRL+R
15:27:39.133 [JavaFX Application Thread] DEBUG Input                - Registered new binding: Toggle Debug Camera - CTRL+7
15:27:39.137 [JavaFX Application Thread] DEBUG LoopRunner           - Starting loop
15:27:39.137 [JavaFX Application Thread] DEBUG LoopRunner           - Initializing JavaFX AnimationTimerLoop
15:27:39.139 [JavaFX Application Thread] DEBUG GameApplicationServi - Starting new game
15:27:39.139 [JavaFX Application Thread] DEBUG Input                - Clearing active input actions
15:27:39.148 [JavaFX Application Thread] DEBUG GameApplicationServi - Removing overlay from FXGLStartupScene and adding to FXGLLoadingScene
15:27:39.149 [JavaFX Application Thread] DEBUG PrimaryStageWindow   - FXGLStartupScene -> FXGLLoadingScene
15:27:39.150 [JavaFX Application Thread] DEBUG GameApplicationServi - Clearing previous game
15:27:39.150 [JavaFX Application Thread] DEBUG GameScene            - Clearing game scene
15:27:39.150 [JavaFX Application Thread] DEBUG GameWorld            - Clearing game world
15:27:39.150 [JavaFX Application Thread] DEBUG PhysicsWorld         - Clearing physics world
15:27:39.206 [FXGL Background Thread 1 ] DEBUG FXGLApplication      - Initializing game
15:27:39.219 [FXGL Background Thread 4 ] DEBUG FXGLAssetLoaderServi - Loading from file system: jar:file:///C:/Users/ssppo/.m2/repository/com/github/almasb/fxgl/17.3/fxgl-17.3.jar!/fxglassets/ui/fonts/Abel-Regular.ttf
15:27:39.224 [FXGL Background Thread 1 ] INFO  FXGLApplication      - Game initialization took: 0,032 sec
15:27:39.253 [JavaFX Application Thread] DEBUG Input                - Clearing active input actions
15:27:39.259 [JavaFX Application Thread] DEBUG GameApplicationServi - Removing overlay from FXGLLoadingScene and adding to GameScene
15:27:39.259 [JavaFX Application Thread] DEBUG PrimaryStageWindow   - FXGLLoadingScene -> GameScene
15:27:39.339 [FXGL Background Thread 4 ] DEBUG FXGLAssetLoaderServi - Loading from file system: jar:file:///C:/Users/ssppo/.m2/repository/com/github/almasb/fxgl/17.3/fxgl-17.3.jar!/fxglassets/ui/fonts/TerminalLandMono-Regular.otf
15:27:39.360 [FXGL Background Thread 4 ] DEBUG FXGLAssetLoaderServi - Loading from file system: jar:file:///C:/Users/ssppo/.m2/repository/com/github/almasb/fxgl/17.3/fxgl-17.3.jar!/fxglassets/ui/fonts/Courier-Prime.ttf
15:27:39.379 [JavaFX Application Thread] DEBUG FXGLApplication      - Registering font factories with UI factory
15:27:39.573 [FXGL Background Thread 2 ] INFO  UpdaterService       - Your current version:  17.3
15:27:39.573 [FXGL Background Thread 2 ] INFO  UpdaterService       - Latest stable version: 21.1
15:27:41.051 [JavaFX Application Thread] DEBUG FXGLApplication      - Exiting FXGL
15:27:41.051 [JavaFX Application Thread] DEBUG LoopRunner           - Stopping loop
15:27:41.051 [JavaFX Application Thread] DEBUG SystemBundleService  - Saving FXGL system data
15:27:41.053 [JavaFX Application Thread] DEBUG FileSystemAccess     - Writing to: C:\Users\ssppo\IdeaProjects\java_sandi_javafx_videogioco\system\fxgl.bundle
15:27:41.056 [JavaFX Application Thread] DEBUG Async                - Shutting down background threads
15:27:41.056 [JavaFX Application Thread] DEBUG PrimaryStageWindow   - Closing main window
15:27:41.072 [JavaFX Application Thread] DEBUG Logger               - Closing Logger
