15:27:13.981 [main                     ] DEBUG Logger               - Configured Logger
15:27:14.007 [main                     ] DEBUG GameApplication      - Logging settings
Title: Videogioco
Version: 0.1
Width: 1600
Height: 500
Fullscreen: false
Intro: false
Profiling: false
Single step:false
App Mode: DEVELOPER
Menu Key: ESCAPE
Stage Style: DECORATED
Scene Factory: class com.almasb.fxgl.app.scene.SceneFactory

15:27:14.327 [JavaFX Application Thread] DEBUG FXGLApplication      - Initializing FXGL
15:27:14.332 [JavaFX Application Thread] INFO  Engine               - FXGL-17.3 (30.03.2023 11.49) on WINDOWS (J:21.0.1 FX:21)
15:27:14.332 [JavaFX Application Thread] DEBUG Engine               - JRE Vendor Name: Oracle Corporation
15:27:14.332 [JavaFX Application Thread] DEBUG Engine               - Running on OS: Windows 10 version 10.0
15:27:14.333 [JavaFX Application Thread] DEBUG Engine               - Architecture: amd64
15:27:14.333 [JavaFX Application Thread] INFO  Engine               - Source code and latest versions at: https://github.com/AlmasB/FXGL
15:27:14.333 [JavaFX Application Thread] INFO  Engine               -       Ask questions and discuss at: https://github.com/AlmasB/FXGL/discussions
15:27:14.333 [JavaFX Application Thread] INFO  Engine               -              Join the FXGL chat at: https://gitter.im/AlmasB/FXGL
15:27:14.448 [JavaFX Application Thread] DEBUG PrimaryStageWindow   - Creating a JavaFX scene
15:27:14.448 [JavaFX Application Thread] DEBUG PrimaryStageWindow   - Target size > screen size
15:27:14.499 [JavaFX Application Thread] DEBUG PrimaryStageWindow   - Target settings size: 1600.0 x 500.0
15:27:14.500 [JavaFX Application Thread] DEBUG PrimaryStageWindow   - Scaled scene size:    1341.0 x 426.0
15:27:14.500 [JavaFX Application Thread] DEBUG PrimaryStageWindow   - Scaled ratio: (0.838125, 0.852)
15:27:14.501 [JavaFX Application Thread] DEBUG PrimaryStageWindow   - Set initial scene to FXGLStartupScene
15:27:14.505 [JavaFX Application Thread] DEBUG PrimaryStageWindow   - Opening main window
15:27:14.597 [JavaFX Application Thread] DEBUG PrimaryStageWindow   - Window border size: (16.0, 39.0)
15:27:14.597 [JavaFX Application Thread] DEBUG PrimaryStageWindow   - Scaled size: 1341.0 x 426.0
15:27:14.597 [JavaFX Application Thread] DEBUG PrimaryStageWindow   - Scaled ratio: (0.838125, 0.852)
15:27:14.598 [JavaFX Application Thread] DEBUG PrimaryStageWindow   - Scene size: 1341.0 x 426.0
15:27:14.598 [JavaFX Application Thread] DEBUG PrimaryStageWindow   - Stage size: 1357.0 x 465.0
15:27:14.614 [FXGL Background Thread 1 ] DEBUG Engine               - Initializing environment variables
15:27:14.706 [FXGL Background Thread 1 ] DEBUG FXGLAssetLoaderServi - User app class for loading assets: class com.example.java_sandi_javafx_videogioco.HelloApplication
15:27:14.706 [FXGL Background Thread 1 ] DEBUG GameApplicationServi - Applying CSS: fxgl_dark.css
15:27:14.707 [FXGL Background Thread 1 ] DEBUG FXGLAssetLoaderServi - Loading from file system: jar:file:///C:/Users/ssppo/.m2/repository/com/github/almasb/fxgl/17.3/fxgl-17.3.jar!/fxglassets/ui/css/fxgl_dark.css
15:27:14.759 [FXGL Background Thread 1 ] DEBUG GameApplicationServi - Initializing application scenes
15:27:14.844 [FXGL Background Thread 1 ] DEBUG GameWorld            - Game world initialized
15:27:14.911 [FXGL Background Thread 1 ] DEBUG PhysicsWorld         - Physics world initialized: appHeight=500, physics.ppm=50,0
15:27:14.912 [FXGL Background Thread 1 ] DEBUG PhysicsWorld         - Using strategy: BRUTE_FORCE
15:27:14.915 [FXGL Background Thread 1 ] DEBUG GameScene            - Game scene initialized: 1600x500
15:27:14.928 [FXGL Background Thread 1 ] WARN  FXGL.DefaultMenu     - FXGLDefaultMenu is not designed for resolutions < 800x600
15:27:14.928 [FXGL Background Thread 1 ] DEBUG FXGL.DefaultMenu     - createMenuBodyGameMenu()
15:27:14.943 [FXGL Background Thread 1 ] DEBUG FXGL.DefaultMenu     - createOptionsMenu()
15:27:14.953 [FXGL Background Thread 1 ] DEBUG FXGLAssetLoaderServi - Loading from file system: jar:file:///C:/Users/ssppo/.m2/repository/com/github/almasb/fxgl/17.3/fxgl-17.3.jar!/fxglassets/textures/particles/smoke.png
15:27:15.061 [FXGL Background Thread 1 ] DEBUG FXGLAssetLoaderServi - Loading from file system: jar:file:///C:/Users/ssppo/.m2/repository/com/github/almasb/fxgl/17.3/fxgl-17.3.jar!/fxglassets/textures/particles/trace_horizontal.png
15:27:15.096 [FXGL Background Thread 1 ] DEBUG GameApplicationServi - Application scenes initialized
15:27:15.111 [FXGL Background Thread 1 ] DEBUG SystemBundleService  - Loading FXGL system data
15:27:15.116 [FXGL Background Thread 1 ] DEBUG FileSystemAccess     - Reading from: C:\Users\ssppo\IdeaProjects\java_sandi_javafx_videogioco\system\fxgl.bundle
15:27:15.128 [FXGL Background Thread 1 ] DEBUG SystemBundleService  - Bundle FXGL: {}
15:27:15.128 [FXGL Background Thread 1 ] DEBUG UpdaterService       - Checking for updates
15:27:15.136 [FXGL Background Thread 1 ] DEBUG FXGLApplication      - Loading default localization
15:27:15.137 [FXGL Background Thread 1 ] DEBUG FXGLAssetLoaderServi - Loading from file system: jar:file:///C:/Users/ssppo/.m2/repository/com/github/almasb/fxgl/17.3/fxgl-17.3.jar!/fxglassets/languages/english.lang
15:27:15.154 [FXGL Background Thread 1 ] INFO  FXGLApplication      - FXGL initialization took: 0,541 sec
15:27:15.164 [JavaFX Application Thread] DEBUG Input                - Registered new binding: action0 - Up
15:27:15.165 [JavaFX Application Thread] DEBUG Input                - Registered new binding: action1 - Down
15:27:15.165 [JavaFX Application Thread] DEBUG Input                - Registered new binding: action2 - Left
15:27:15.165 [JavaFX Application Thread] DEBUG Input                - Registered new binding: action3 - Right
15:27:15.166 [JavaFX Application Thread] DEBUG FXGLAssetLoaderServi - Loading from file system: jar:file:///C:/Users/ssppo/.m2/repository/com/github/almasb/fxgl/17.3/fxgl-17.3.jar!/fxglassets/textures/fxgl_icon.png
15:27:15.187 [JavaFX Application Thread] DEBUG FXGLAssetLoaderServi - Loading from file system: jar:file:///C:/Users/ssppo/.m2/repository/com/github/almasb/fxgl/17.3/fxgl-17.3.jar!/fxglassets/textures/fxgl_default_cursor.png
15:27:15.190 [JavaFX Application Thread] DEBUG Input                - Registered new binding: Screenshot - CTRL+8
15:27:15.190 [JavaFX Application Thread] DEBUG Input                - Registered new binding: System info dump - CTRL+9
15:27:15.190 [JavaFX Application Thread] DEBUG Input                - Registered new binding: Restart - CTRL+R
15:27:15.191 [JavaFX Application Thread] DEBUG Input                - Registered new binding: Toggle Debug Camera - CTRL+7
15:27:15.193 [JavaFX Application Thread] DEBUG LoopRunner           - Starting loop
15:27:15.193 [JavaFX Application Thread] DEBUG LoopRunner           - Initializing JavaFX AnimationTimerLoop
15:27:15.194 [JavaFX Application Thread] DEBUG GameApplicationServi - Starting new game
15:27:15.195 [JavaFX Application Thread] DEBUG Input                - Clearing active input actions
15:27:15.208 [JavaFX Application Thread] DEBUG GameApplicationServi - Removing overlay from FXGLStartupScene and adding to FXGLLoadingScene
15:27:15.208 [JavaFX Application Thread] DEBUG PrimaryStageWindow   - FXGLStartupScene -> FXGLLoadingScene
15:27:15.209 [JavaFX Application Thread] DEBUG GameApplicationServi - Clearing previous game
15:27:15.209 [JavaFX Application Thread] DEBUG GameScene            - Clearing game scene
15:27:15.209 [JavaFX Application Thread] DEBUG GameWorld            - Clearing game world
15:27:15.209 [JavaFX Application Thread] DEBUG PhysicsWorld         - Clearing physics world
15:27:15.210 [FXGL Background Thread 1 ] DEBUG FXGLApplication      - Initializing game
15:27:15.223 [FXGL Background Thread 1 ] INFO  FXGLApplication      - Game initialization took: 0,013 sec
15:27:15.244 [FXGL Background Thread 4 ] DEBUG FXGLApplication      - Loading fonts
15:27:15.245 [FXGL Background Thread 4 ] DEBUG FXGLAssetLoaderServi - Loading from file system: jar:file:///C:/Users/ssppo/.m2/repository/com/github/almasb/fxgl/17.3/fxgl-17.3.jar!/fxglassets/ui/fonts/VarelaRound-Regular.ttf
15:27:15.263 [JavaFX Application Thread] DEBUG Input                - Clearing active input actions
15:27:15.272 [JavaFX Application Thread] DEBUG GameApplicationServi - Removing overlay from FXGLLoadingScene and adding to GameScene
15:27:15.273 [JavaFX Application Thread] DEBUG PrimaryStageWindow   - FXGLLoadingScene -> GameScene
15:27:15.401 [FXGL Background Thread 4 ] DEBUG FXGLAssetLoaderServi - Loading from file system: jar:file:///C:/Users/ssppo/.m2/repository/com/github/almasb/fxgl/17.3/fxgl-17.3.jar!/fxglassets/ui/fonts/Abel-Regular.ttf
15:27:15.423 [FXGL Background Thread 4 ] DEBUG FXGLAssetLoaderServi - Loading from file system: jar:file:///C:/Users/ssppo/.m2/repository/com/github/almasb/fxgl/17.3/fxgl-17.3.jar!/fxglassets/ui/fonts/TerminalLandMono-Regular.otf
15:27:15.432 [FXGL Background Thread 4 ] DEBUG FXGLAssetLoaderServi - Loading from file system: jar:file:///C:/Users/ssppo/.m2/repository/com/github/almasb/fxgl/17.3/fxgl-17.3.jar!/fxglassets/ui/fonts/Courier-Prime.ttf
15:27:15.444 [JavaFX Application Thread] DEBUG FXGLApplication      - Registering font factories with UI factory
15:27:15.703 [FXGL Background Thread 2 ] INFO  UpdaterService       - Your current version:  17.3
15:27:15.704 [FXGL Background Thread 2 ] INFO  UpdaterService       - Latest stable version: 21.1
15:27:18.145 [FXGL Background Thread 3 ] DEBUG Engine               - Logging environment variables
15:27:18.146 [FXGL Background Thread 3 ] DEBUG Engine               - achievements: []
15:27:18.147 [FXGL Background Thread 3 ] DEBUG Engine               - actualHeight: 426.0
15:27:18.147 [FXGL Background Thread 3 ] DEBUG Engine               - actualHeightProperty: ReadOnlyDoubleProperty [value: 426.0]
15:27:18.148 [FXGL Background Thread 3 ] DEBUG Engine               - actualWidth: 1341.0
15:27:18.148 [FXGL Background Thread 3 ] DEBUG Engine               - actualWidthProperty: ReadOnlyDoubleProperty [value: 1341.0]
15:27:18.148 [FXGL Background Thread 3 ] DEBUG Engine               - appIcon: fxgl_icon.png
15:27:18.148 [FXGL Background Thread 3 ] DEBUG Engine               - applicationMode: DEVELOPER
15:27:18.148 [FXGL Background Thread 3 ] DEBUG Engine               - cSSList: [fxgl_dark.css]
15:27:18.149 [FXGL Background Thread 3 ] DEBUG Engine               - collisionDetectionStrategy: BRUTE_FORCE
15:27:18.149 [FXGL Background Thread 3 ] DEBUG Engine               - configClass: Optional.empty
15:27:18.149 [FXGL Background Thread 3 ] DEBUG Engine               - credits: []
15:27:18.151 [FXGL Background Thread 3 ] DEBUG Engine               - defaultCursor: CursorInfo(imageName=fxgl_default_cursor.png, hotspotX=7.0, hotspotY=6.0)
15:27:18.151 [FXGL Background Thread 3 ] DEBUG Engine               - devBBoxColorProperty: ObjectProperty [value: 0xff0000ff]
15:27:18.152 [FXGL Background Thread 3 ] DEBUG Engine               - devEnableDebugCameraProperty: BooleanProperty [value: false]
15:27:18.152 [FXGL Background Thread 3 ] DEBUG Engine               - devSensorColorProperty: ObjectProperty [value: 0xffff00ff]
15:27:18.152 [FXGL Background Thread 3 ] DEBUG Engine               - devShowBBoxProperty: BooleanProperty [value: false]
15:27:18.153 [FXGL Background Thread 3 ] DEBUG Engine               - devShowPositionProperty: BooleanProperty [value: false]
15:27:18.153 [FXGL Background Thread 3 ] DEBUG Engine               - enabledMenuItems: []
15:27:18.154 [FXGL Background Thread 3 ] DEBUG Engine               - engineServices: [class com.almasb.fxgl.app.services.FXGLAssetLoaderService, class com.almasb.fxgl.app.FXGLApplication$GameApplicationService, class com.almasb.fxgl.app.services.FXGLDialogService, class com.almasb.fxgl.app.services.IOTaskExecutorService, class com.almasb.fxgl.io.FileSystemService, class com.almasb.fxgl.localization.LocalizationService, class com.almasb.fxgl.app.services.SystemBundleService, class com.almasb.fxgl.profile.SaveLoadService, class com.almasb.fxgl.ui.FXGLUIFactoryServiceProvider, class com.almasb.fxgl.ui.FXGLDialogFactoryServiceProvider, class com.almasb.fxgl.audio.AudioPlayer, class com.almasb.fxgl.notification.impl.NotificationServiceProvider, class com.almasb.fxgl.achievement.AchievementService, class com.almasb.fxgl.cutscene.CutsceneService, class com.almasb.fxgl.minigames.MiniGameService, class com.almasb.fxgl.net.NetService, class com.almasb.fxgl.app.services.UpdaterService, class com.almasb.fxgl.dev.DevService]
15:27:18.154 [FXGL Background Thread 3 ] DEBUG Engine               - fontGame: Abel-Regular.ttf
15:27:18.155 [FXGL Background Thread 3 ] DEBUG Engine               - fontMono: TerminalLandMono-Regular.otf
15:27:18.155 [FXGL Background Thread 3 ] DEBUG Engine               - fontSizeScaleUI: 1.0
15:27:18.155 [FXGL Background Thread 3 ] DEBUG Engine               - fontText: Courier-Prime.ttf
15:27:18.155 [FXGL Background Thread 3 ] DEBUG Engine               - fontUI: VarelaRound-Regular.ttf
15:27:18.156 [FXGL Background Thread 3 ] DEBUG Engine               - fullScreen: BooleanProperty [value: false]
15:27:18.156 [FXGL Background Thread 3 ] DEBUG Engine               - gameDifficulty: MEDIUM
15:27:18.156 [FXGL Background Thread 3 ] DEBUG Engine               - gameDifficultyProperty: ObjectProperty [value: MEDIUM]
15:27:18.156 [FXGL Background Thread 3 ] DEBUG Engine               - globalMusicVolume: 0.5
15:27:18.157 [FXGL Background Thread 3 ] DEBUG Engine               - globalMusicVolumeProperty: DoubleProperty [value: 0.5]
15:27:18.157 [FXGL Background Thread 3 ] DEBUG Engine               - globalSoundVolume: 0.5
15:27:18.157 [FXGL Background Thread 3 ] DEBUG Engine               - globalSoundVolumeProperty: DoubleProperty [value: 0.5]
15:27:18.157 [FXGL Background Thread 3 ] DEBUG Engine               - height: 500
15:27:18.158 [FXGL Background Thread 3 ] DEBUG Engine               - is3D: false
15:27:18.158 [FXGL Background Thread 3 ] DEBUG Engine               - isAndroid: false
15:27:18.158 [FXGL Background Thread 3 ] DEBUG Engine               - isBrowser: false
15:27:18.158 [FXGL Background Thread 3 ] DEBUG Engine               - isClickFeedbackEnabled: false
15:27:18.159 [FXGL Background Thread 3 ] DEBUG Engine               - isCloseConfirmation: false
15:27:18.159 [FXGL Background Thread 3 ] DEBUG Engine               - isDesktop: true
15:27:18.159 [FXGL Background Thread 3 ] DEBUG Engine               - isDeveloperMenuEnabled: false
15:27:18.159 [FXGL Background Thread 3 ] DEBUG Engine               - isEmbedded: false
15:27:18.160 [FXGL Background Thread 3 ] DEBUG Engine               - isEntityPreloadEnabled: true
15:27:18.160 [FXGL Background Thread 3 ] DEBUG Engine               - isExperimentalTiledLargeMap: false
15:27:18.160 [FXGL Background Thread 3 ] DEBUG Engine               - isFileSystemWriteAllowed: true
15:27:18.160 [FXGL Background Thread 3 ] DEBUG Engine               - isFullScreenAllowed: false
15:27:18.160 [FXGL Background Thread 3 ] DEBUG Engine               - isFullScreenFromStart: false
15:27:18.161 [FXGL Background Thread 3 ] DEBUG Engine               - isGameMenuEnabled: true
15:27:18.161 [FXGL Background Thread 3 ] DEBUG Engine               - isIOS: false
15:27:18.161 [FXGL Background Thread 3 ] DEBUG Engine               - isIntroEnabled: false
15:27:18.161 [FXGL Background Thread 3 ] DEBUG Engine               - isLinux: false
15:27:18.162 [FXGL Background Thread 3 ] DEBUG Engine               - isMac: false
15:27:18.162 [FXGL Background Thread 3 ] DEBUG Engine               - isMainMenuEnabled: false
15:27:18.162 [FXGL Background Thread 3 ] DEBUG Engine               - isManualResizeEnabled: false
15:27:18.163 [FXGL Background Thread 3 ] DEBUG Engine               - isMobile: false
15:27:18.163 [FXGL Background Thread 3 ] DEBUG Engine               - isNative: false
15:27:18.163 [FXGL Background Thread 3 ] DEBUG Engine               - isPauseMusicWhenMinimized: true
15:27:18.163 [FXGL Background Thread 3 ] DEBUG Engine               - isPreserveResizeRatio: false
15:27:18.164 [FXGL Background Thread 3 ] DEBUG Engine               - isProfilingEnabled: false
15:27:18.164 [FXGL Background Thread 3 ] DEBUG Engine               - isScaleAffectedOnResize: true
15:27:18.164 [FXGL Background Thread 3 ] DEBUG Engine               - isSingleStep: false
15:27:18.164 [FXGL Background Thread 3 ] DEBUG Engine               - isUserProfileEnabled: false
15:27:18.164 [FXGL Background Thread 3 ] DEBUG Engine               - isWindows: true
15:27:18.165 [FXGL Background Thread 3 ] DEBUG Engine               - language: ObjectProperty [value: ENGLISH]
15:27:18.165 [FXGL Background Thread 3 ] DEBUG Engine               - menuKey: ESCAPE
15:27:18.165 [FXGL Background Thread 3 ] DEBUG Engine               - mouseSensitivity: 0.2
15:27:18.165 [FXGL Background Thread 3 ] DEBUG Engine               - notificationViewClass: class com.almasb.fxgl.notification.view.XboxNotificationView
15:27:18.165 [FXGL Background Thread 3 ] DEBUG Engine               - pixelsPerMeter: 50.0
15:27:18.166 [FXGL Background Thread 3 ] DEBUG Engine               - platform: WINDOWS
15:27:18.166 [FXGL Background Thread 3 ] DEBUG Engine               - prefHeightProperty: ReadOnlyDoubleProperty [value: 500.0]
15:27:18.166 [FXGL Background Thread 3 ] DEBUG Engine               - prefWidthProperty: ReadOnlyDoubleProperty [value: 1600.0]
15:27:18.166 [FXGL Background Thread 3 ] DEBUG Engine               - profileDir: profiles/
15:27:18.167 [FXGL Background Thread 3 ] DEBUG Engine               - profileName: StringProperty [value: DEFAULT]
15:27:18.167 [FXGL Background Thread 3 ] DEBUG Engine               - randomSeed: -1
15:27:18.168 [FXGL Background Thread 3 ] DEBUG Engine               - runtimeInfo: RuntimeInfo(platform=WINDOWS, version=17.3, build=30.03.2023 11.49)
15:27:18.168 [FXGL Background Thread 3 ] DEBUG Engine               - saveFileExt: sav
15:27:18.168 [FXGL Background Thread 3 ] DEBUG Engine               - scaledHeightProp$fxgl: DoubleProperty [bound, value: 426.0]
15:27:18.169 [FXGL Background Thread 3 ] DEBUG Engine               - scaledWidthProp$fxgl: DoubleProperty [bound, value: 1341.0]
15:27:18.169 [FXGL Background Thread 3 ] DEBUG Engine               - sceneFactory: com.almasb.fxgl.app.scene.SceneFactory@49ea153
15:27:18.169 [FXGL Background Thread 3 ] DEBUG Engine               - secondsIn24h: 60
15:27:18.170 [FXGL Background Thread 3 ] DEBUG Engine               - soundMenuBack: menu/back.wav
15:27:18.170 [FXGL Background Thread 3 ] DEBUG Engine               - soundMenuPress: menu/press.wav
15:27:18.171 [FXGL Background Thread 3 ] DEBUG Engine               - soundMenuSelect: menu/select.wav
15:27:18.171 [FXGL Background Thread 3 ] DEBUG Engine               - soundNotification: core/notification.wav
15:27:18.171 [FXGL Background Thread 3 ] DEBUG Engine               - stageStyle: DECORATED
15:27:18.171 [FXGL Background Thread 3 ] DEBUG Engine               - supportedLanguages: [ENGLISH, FRENCH, GERMAN, HUNGARIAN, RUSSIAN]
15:27:18.172 [FXGL Background Thread 3 ] DEBUG Engine               - ticksPerSecond: -1
15:27:18.172 [FXGL Background Thread 3 ] DEBUG Engine               - title: Videogioco
15:27:18.172 [FXGL Background Thread 3 ] DEBUG Engine               - urlGithub: https://github.com/AlmasB/FXGL
15:27:18.173 [FXGL Background Thread 3 ] DEBUG Engine               - urlLeaderboard: http://fxgl-top.herokuapp.com/
15:27:18.173 [FXGL Background Thread 3 ] DEBUG Engine               - urlPOM: https://raw.githubusercontent.com/AlmasB/FXGL/release/README.md
15:27:18.173 [FXGL Background Thread 3 ] DEBUG Engine               - userAppClass: class com.example.java_sandi_javafx_videogioco.HelloApplication
15:27:18.173 [FXGL Background Thread 3 ] DEBUG Engine               - version: 0.1
15:27:18.173 [FXGL Background Thread 3 ] DEBUG Engine               - versionCheckDays: 7
15:27:18.174 [FXGL Background Thread 3 ] DEBUG Engine               - width: 1600
15:27:18.174 [FXGL Background Thread 3 ] DEBUG Engine               - Logging services
15:27:18.175 [FXGL Background Thread 3 ] DEBUG Engine               - class com.almasb.fxgl.app.services.FXGLAssetLoaderService
15:27:18.175 [FXGL Background Thread 3 ] DEBUG Engine               - class com.almasb.fxgl.app.FXGLApplication$GameApplicationService
15:27:18.175 [FXGL Background Thread 3 ] DEBUG Engine               - class com.almasb.fxgl.app.services.FXGLDialogService
15:27:18.175 [FXGL Background Thread 3 ] DEBUG Engine               - class com.almasb.fxgl.app.services.IOTaskExecutorService
15:27:18.175 [FXGL Background Thread 3 ] DEBUG Engine               - class com.almasb.fxgl.io.FileSystemService
15:27:18.175 [FXGL Background Thread 3 ] DEBUG Engine               - class com.almasb.fxgl.localization.LocalizationService
15:27:18.176 [FXGL Background Thread 3 ] DEBUG Engine               - class com.almasb.fxgl.app.services.SystemBundleService
15:27:18.176 [FXGL Background Thread 3 ] DEBUG Engine               - class com.almasb.fxgl.profile.SaveLoadService
15:27:18.176 [FXGL Background Thread 3 ] DEBUG Engine               - class com.almasb.fxgl.ui.FXGLUIFactoryServiceProvider
15:27:18.176 [FXGL Background Thread 3 ] DEBUG Engine               - class com.almasb.fxgl.ui.FXGLDialogFactoryServiceProvider
15:27:18.176 [FXGL Background Thread 3 ] DEBUG Engine               - class com.almasb.fxgl.audio.AudioPlayer
15:27:18.177 [FXGL Background Thread 3 ] DEBUG Engine               - class com.almasb.fxgl.notification.impl.NotificationServiceProvider
15:27:18.177 [FXGL Background Thread 3 ] DEBUG Engine               - class com.almasb.fxgl.achievement.AchievementService
15:27:18.177 [FXGL Background Thread 3 ] DEBUG Engine               - class com.almasb.fxgl.cutscene.CutsceneService
15:27:18.177 [FXGL Background Thread 3 ] DEBUG Engine               - class com.almasb.fxgl.minigames.MiniGameService
15:27:18.177 [FXGL Background Thread 3 ] DEBUG Engine               - class com.almasb.fxgl.net.NetService
15:27:18.177 [FXGL Background Thread 3 ] DEBUG Engine               - class com.almasb.fxgl.app.services.UpdaterService
15:27:18.177 [FXGL Background Thread 3 ] DEBUG Engine               - class com.almasb.fxgl.dev.DevService
15:27:19.334 [JavaFX Application Thread] DEBUG PrimaryStageWindow   - Push state: FXGLDefaultMenu
15:27:19.345 [JavaFX Application Thread] DEBUG Input                - Clearing active input actions
15:27:19.358 [JavaFX Application Thread] DEBUG GameApplicationServi - Removing overlay from GameScene and adding to FXGLDefaultMenu
15:27:19.359 [JavaFX Application Thread] DEBUG PrimaryStageWindow   - GameScene -> FXGLDefaultMenu
15:27:24.220 [JavaFX Application Thread] DEBUG PrimaryStageWindow   - Pop state: FXGLDefaultMenu
15:27:24.220 [JavaFX Application Thread] DEBUG Input                - Clearing active input actions
15:27:24.221 [JavaFX Application Thread] DEBUG GameApplicationServi - Removing overlay from FXGLDefaultMenu and adding to GameScene
15:27:24.222 [JavaFX Application Thread] DEBUG PrimaryStageWindow   - GameScene <- FXGLDefaultMenu
15:27:24.755 [JavaFX Application Thread] DEBUG PrimaryStageWindow   - Push state: FXGLDefaultMenu
15:27:24.756 [JavaFX Application Thread] DEBUG Input                - Clearing active input actions
15:27:24.765 [JavaFX Application Thread] DEBUG GameApplicationServi - Removing overlay from GameScene and adding to FXGLDefaultMenu
15:27:24.766 [JavaFX Application Thread] DEBUG PrimaryStageWindow   - GameScene -> FXGLDefaultMenu
15:27:26.202 [JavaFX Application Thread] DEBUG Menu                 - fireExit()
15:27:26.205 [JavaFX Application Thread] DEBUG PrimaryStageWindow   - Push state: DialogSubScene
15:27:26.206 [JavaFX Application Thread] DEBUG Input                - Clearing active input actions
15:27:26.206 [JavaFX Application Thread] DEBUG GameApplicationServi - Removing overlay from FXGLDefaultMenu and adding to DialogSubScene
15:27:26.206 [JavaFX Application Thread] DEBUG PrimaryStageWindow   - FXGLDefaultMenu -> DialogSubScene
15:27:28.629 [JavaFX Application Thread] DEBUG PrimaryStageWindow   - Pop state: DialogSubScene
15:27:28.629 [JavaFX Application Thread] DEBUG Input                - Clearing active input actions
15:27:28.631 [JavaFX Application Thread] DEBUG GameApplicationServi - Removing overlay from DialogSubScene and adding to FXGLDefaultMenu
15:27:28.631 [JavaFX Application Thread] DEBUG PrimaryStageWindow   - FXGLDefaultMenu <- DialogSubScene
15:27:28.632 [JavaFX Application Thread] DEBUG FXGLApplication      - Exiting FXGL
15:27:28.632 [JavaFX Application Thread] DEBUG LoopRunner           - Stopping loop
15:27:28.632 [JavaFX Application Thread] DEBUG SystemBundleService  - Saving FXGL system data
15:27:28.643 [JavaFX Application Thread] DEBUG FileSystemAccess     - Writing to: C:\Users\ssppo\IdeaProjects\java_sandi_javafx_videogioco\system\fxgl.bundle
15:27:28.650 [JavaFX Application Thread] DEBUG Async                - Shutting down background threads
15:27:28.651 [JavaFX Application Thread] DEBUG PrimaryStageWindow   - Closing main window
15:27:28.690 [JavaFX Application Thread] DEBUG Logger               - Closing Logger
